<?xml version='1.0'?>
<ns2:test-suite xmlns:ns2='urn:model.allure.qatools.yandex.ru' start='1660276774908' stop='1660276775162'>
    <name>Web Interactions: Demo Web Interactions</name>
    <title>Web Interactions: Demo Web Interactions</title>
    <test-cases>
        <test-case start='1660276774908' status='passed' stop='1660276774909'>
            <name></name>
            <title></title>
            <labels>
                <label name='language' value='javascript'/>
                <label name='framework' value='wdio'/>
                <label name='thread' value='0-1'/>
            </labels>
            <parameters>
                <parameter kind='argument' name='browser' value='chrome-104.0.5112.79'/>
            </parameters>
            <steps/>
            <attachments/>
        </test-case>
        <test-case start='1660276774909' status='passed' stop='1660276775141'>
            <name>Given A web page is opened checkboxes</name>
            <title>Given A web page is opened checkboxes</title>
            <labels>
                <label name='language' value='javascript'/>
                <label name='framework' value='wdio'/>
                <label name='thread' value='0-1'/>
            </labels>
            <parameters>
                <parameter kind='argument' name='browser' value='chrome-104.0.5112.79'/>
            </parameters>
            <steps>
                <step start='1660276774909' status='passed' stop='1660276775032'>
                    <name>POST /session/:sessionId/url</name>
                    <title>POST /session/:sessionId/url</title>
                    <attachments>
                        <attachment title='Request' source='726a1bf2-ae7b-4ec2-8888-05937de23139-attachment.json' type='application/json' size='60'/>
                    </attachments>
                    <steps/>
                </step>
                <step start='1660276775032' status='passed' stop='1660276775034'>
                    <name>POST /session/:sessionId/timeouts</name>
                    <title>POST /session/:sessionId/timeouts</title>
                    <attachments>
                        <attachment title='Request' source='e492329a-36a4-42a4-9ba5-daa61e0222e8-attachment.json' type='application/json' size='44'/>
                    </attachments>
                    <steps/>
                </step>
                <step start='1660276775034' status='passed' stop='1660276775141'>
                    <name>POST /session/:sessionId/window/maximize</name>
                    <title>POST /session/:sessionId/window/maximize</title>
                    <attachments>
                        <attachment title='Response' source='5c6e8223-4405-4e8a-b6a0-030c2af1d231-attachment.json' type='application/json' size='58'/>
                    </attachments>
                    <steps/>
                </step>
            </steps>
            <attachments/>
        </test-case>
        <test-case start='1660276775141' status='failed' stop='1660276775162'>
            <name>When Perform web interactions checkboxes</name>
            <title>When Perform web interactions checkboxes</title>
            <labels>
                <label name='language' value='javascript'/>
                <label name='framework' value='wdio'/>
                <label name='thread' value='0-1'/>
            </labels>
            <parameters>
                <parameter kind='argument' name='browser' value='chrome-104.0.5112.79'/>
            </parameters>
            <steps>
                <step start='1660276775142' status='passed' stop='1660276775151'>
                    <name>POST /session/:sessionId/element</name>
                    <title>POST /session/:sessionId/element</title>
                    <attachments>
                        <attachment title='Request' source='7615ff85-28c7-4ea4-8f36-677f5564f235-attachment.json' type='application/json' size='72'/>
                        <attachment title='Response' source='9d2f7f27-75fb-4903-b05b-db75afe572ea-attachment.json' type='application/json' size='83'/>
                    </attachments>
                    <steps/>
                </step>
                <step start='1660276775152' status='passed' stop='1660276775158'>
                    <name>GET /session/:sessionId/element/633adadd-8bc0-4452-ae04-9666162ce62d/selected</name>
                    <title>GET /session/:sessionId/element/633adadd-8bc0-4452-ae04-9666162ce62d/selected</title>
                    <attachments/>
                    <steps/>
                </step>
            </steps>
            <attachments/>
            <failure>
                <message>AssertionError</message>
                <stack-trace>AssertionError
                    + expected - actual
                
                    -false
                    +true
                
                    at World.&lt;anonymous> (/Users/shaunvalentine/Documents/Code/Udemy/WebdriverIO/WDIO-Cucumber-E2E/test/features/step-definitions/demo.ts:106:31)
                    at processTicksAndRejections (node:internal/process/task_queues:96:5)</stack-trace>
            </failure>
        </test-case>
        <test-case start='1660276775162' status='passed' stop='1660276775162'>
            <name></name>
            <title></title>
            <labels>
                <label name='language' value='javascript'/>
                <label name='framework' value='wdio'/>
                <label name='thread' value='0-1'/>
            </labels>
            <parameters>
                <parameter kind='argument' name='browser' value='chrome-104.0.5112.79'/>
            </parameters>
            <steps/>
            <attachments/>
        </test-case>
    </test-cases>
</ns2:test-suite>