<?xml version='1.0'?>
<ns2:test-suite xmlns:ns2='urn:model.allure.qatools.yandex.ru' start='1658818960502' stop='1658818964111'>
    <name>Demo name: Run first demo feature</name>
    <title>Demo name: Run first demo feature</title>
    <test-cases>
        <test-case start='1658818960502' status='passed' stop='1658818960504'>
            <name></name>
            <title></title>
            <labels>
                <label name='language' value='javascript'/>
                <label name='framework' value='wdio'/>
                <label name='thread' value='0-0'/>
            </labels>
            <parameters>
                <parameter kind='argument' name='browser' value='chrome-103.0.5060.134'/>
            </parameters>
            <steps/>
            <attachments/>
        </test-case>
        <test-case start='1658818960504' status='passed' stop='1658818962211'>
            <name>Given Google page is opened</name>
            <title>Given Google page is opened</title>
            <labels>
                <label name='language' value='javascript'/>
                <label name='framework' value='wdio'/>
                <label name='thread' value='0-0'/>
            </labels>
            <parameters>
                <parameter kind='argument' name='browser' value='chrome-103.0.5060.134'/>
            </parameters>
            <steps>
                <step start='1658818960505' status='passed' stop='1658818961208'>
                    <name>POST /session/:sessionId/url</name>
                    <title>POST /session/:sessionId/url</title>
                    <attachments>
                        <attachment title='Request' source='b38ab62c-8171-4c6c-93ef-4cb07bb483ff-attachment.json' type='application/json' size='38'/>
                    </attachments>
                    <steps/>
                </step>
            </steps>
            <attachments/>
        </test-case>
        <test-case start='1658818962211' status='passed' stop='1658818963202'>
            <name>When Search with WebDriverIO</name>
            <title>When Search with WebDriverIO</title>
            <labels>
                <label name='language' value='javascript'/>
                <label name='framework' value='wdio'/>
                <label name='thread' value='0-0'/>
            </labels>
            <parameters>
                <parameter kind='argument' name='browser' value='chrome-103.0.5060.134'/>
            </parameters>
            <steps>
                <step start='1658818962213' status='passed' stop='1658818962225'>
                    <name>POST /session/:sessionId/element</name>
                    <title>POST /session/:sessionId/element</title>
                    <attachments>
                        <attachment title='Request' source='ef1d9d3d-22ac-4aea-8fd5-227dc1a7887e-attachment.json' type='application/json' size='52'/>
                        <attachment title='Response' source='9006b99c-49ba-4bda-979a-2f9eb40746d3-attachment.json' type='application/json' size='83'/>
                    </attachments>
                    <steps/>
                </step>
                <step start='1658818962229' status='passed' stop='1658818962250'>
                    <name>POST /session/:sessionId/element/3a76fc57-402c-4c1b-a091-1a0194d36ef4/clear</name>
                    <title>POST /session/:sessionId/element/3a76fc57-402c-4c1b-a091-1a0194d36ef4/clear</title>
                    <attachments/>
                    <steps/>
                </step>
                <step start='1658818962253' status='passed' stop='1658818962342'>
                    <name>POST /session/:sessionId/element/3a76fc57-402c-4c1b-a091-1a0194d36ef4/value</name>
                    <title>POST /session/:sessionId/element/3a76fc57-402c-4c1b-a091-1a0194d36ef4/value</title>
                    <attachments>
                        <attachment title='Request' source='580a420a-786f-4a39-8c38-e04de1fc49af-attachment.json' type='application/json' size='27'/>
                    </attachments>
                    <steps/>
                </step>
                <step start='1658818962342' status='passed' stop='1658818963200'>
                    <name>POST /session/:sessionId/actions</name>
                    <title>POST /session/:sessionId/actions</title>
                    <attachments>
                        <attachment title='Request' source='d1bdd97b-cb36-43b4-b91a-42de3a5d5d63-attachment.json' type='application/json' size='249'/>
                    </attachments>
                    <steps/>
                </step>
                <step start='1658818963200' status='passed' stop='1658818963201'>
                    <name>DELETE /session/:sessionId/actions</name>
                    <title>DELETE /session/:sessionId/actions</title>
                    <attachments/>
                    <steps/>
                </step>
            </steps>
            <attachments/>
        </test-case>
        <test-case start='1658818963202' status='passed' stop='1658818963217'>
            <name>Then Click on the first search result</name>
            <title>Then Click on the first search result</title>
            <labels>
                <label name='language' value='javascript'/>
                <label name='framework' value='wdio'/>
                <label name='thread' value='0-0'/>
            </labels>
            <parameters>
                <parameter kind='argument' name='browser' value='chrome-103.0.5060.134'/>
            </parameters>
            <steps>
                <step start='1658818963203' status='passed' stop='1658818963213'>
                    <name>POST /session/:sessionId/element</name>
                    <title>POST /session/:sessionId/element</title>
                    <attachments>
                        <attachment title='Request' source='b20c9491-05b6-4f55-8646-7c2ba81d057b-attachment.json' type='application/json' size='42'/>
                        <attachment title='Response' source='1f2df6f3-7674-4a00-ad5f-41ce6b5d0b09-attachment.json' type='application/json' size='83'/>
                    </attachments>
                    <steps/>
                </step>
                <step start='1658818963215' status='undefined'>
                    <name>POST /session/:sessionId/element/2683081b-7a4c-42d4-b06b-4c47c495751b/click</name>
                    <title>POST /session/:sessionId/element/2683081b-7a4c-42d4-b06b-4c47c495751b/click</title>
                    <attachments/>
                    <steps/>
                </step>
            </steps>
            <attachments/>
        </test-case>
        <test-case start='1658818963217' status='failed' stop='1658818964110'>
            <name>Then URL should match https://webdriver.io/"</name>
            <title>Then URL should match https://webdriver.io/"</title>
            <labels>
                <label name='language' value='javascript'/>
                <label name='framework' value='wdio'/>
                <label name='thread' value='0-0'/>
            </labels>
            <parameters>
                <parameter kind='argument' name='browser' value='chrome-103.0.5060.134'/>
            </parameters>
            <steps>
                <step start='1658818963217' status='passed' stop='1658818964103'>
                    <name>GET /session/:sessionId/url</name>
                    <title>GET /session/:sessionId/url</title>
                    <attachments/>
                    <steps/>
                </step>
            </steps>
            <attachments>
                <attachment title='Response' source='5e8091a9-b5d6-4400-a421-dc2d62939c73-attachment.json' type='application/json' size='23'/>
            </attachments>
            <failure>
                <message>AssertionError</message>
                <stack-trace>AssertionError
                    + expected - actual
                
                    -https://webdriver.io/
                    +https://webdriver.io/"
                
                    at World.&lt;anonymous> (/Users/shaunvalentine/Documents/Code/Computer_Notes/WebDriverIO/Udemy Course/WDIO-Cucumber-E2E/test/features/step-definitions/demo.ts:24:24)
                    at processTicksAndRejections (node:internal/process/task_queues:96:5)</stack-trace>
            </failure>
        </test-case>
        <test-case start='1658818964110' status='passed' stop='1658818964110'>
            <name></name>
            <title></title>
            <labels>
                <label name='language' value='javascript'/>
                <label name='framework' value='wdio'/>
                <label name='thread' value='0-0'/>
            </labels>
            <parameters>
                <parameter kind='argument' name='browser' value='chrome-103.0.5060.134'/>
            </parameters>
            <steps/>
            <attachments/>
        </test-case>
    </test-cases>
</ns2:test-suite>