<?xml version='1.0'?>
<ns2:test-suite xmlns:ns2='urn:model.allure.qatools.yandex.ru' start='1660972744764' stop='1660972744768'>
    <name>Web Interactions: Demo File Upload</name>
    <title>Web Interactions: Demo File Upload</title>
    <test-cases>
        <test-case start='1660972744764' status='passed' stop='1660972744766'>
            <name></name>
            <title></title>
            <labels>
                <label name='language' value='javascript'/>
                <label name='framework' value='wdio'/>
                <label name='thread' value='0-1'/>
            </labels>
            <parameters>
                <parameter kind='argument' name='browser' value='chrome-104.0.5112.101'/>
            </parameters>
            <steps/>
            <attachments/>
        </test-case>
        <test-case start='1660972744766' status='broken' stop='1660972744766'>
            <name>Given A web page is opened file upload</name>
            <title>Given A web page is opened file upload</title>
            <labels>
                <label name='language' value='javascript'/>
                <label name='framework' value='wdio'/>
                <label name='thread' value='0-1'/>
            </labels>
            <parameters>
                <parameter kind='argument' name='browser' value='chrome-104.0.5112.101'/>
            </parameters>
            <steps/>
            <attachments/>
            <failure>
                <message>Step "A web page is opened file upload" is not defined. You can ignore this error by setting cucumberOpts.ignoreUndefinedDefinitions as true.</message>
                <stack-trace>Step "A web page is opened file upload" is not defined. You can ignore this error by setting cucumberOpts.ignoreUndefinedDefinitions as true.
                	at Feature(/Users/shaunvalentine/Documents/Code/Udemy/WebdriverIO/WDIO-Cucumber-E2E/test/features/demo/WebInteractions.feature):1:1
                	at Scenario(Demo File Upload):29:3
                	at Step(A web page is opened file upload):30:9
                </stack-trace>
            </failure>
        </test-case>
        <test-case start='1660972744767' status='broken' stop='1660972744767'>
            <name>When Perform web interactions file upload</name>
            <title>When Perform web interactions file upload</title>
            <labels>
                <label name='language' value='javascript'/>
                <label name='framework' value='wdio'/>
                <label name='thread' value='0-1'/>
            </labels>
            <parameters>
                <parameter kind='argument' name='browser' value='chrome-104.0.5112.101'/>
            </parameters>
            <steps/>
            <attachments/>
            <failure>
                <message>Step "Perform web interactions file upload" is not defined. You can ignore this error by setting cucumberOpts.ignoreUndefinedDefinitions as true.</message>
                <stack-trace>Step "Perform web interactions file upload" is not defined. You can ignore this error by setting cucumberOpts.ignoreUndefinedDefinitions as true.
                	at Feature(/Users/shaunvalentine/Documents/Code/Udemy/WebdriverIO/WDIO-Cucumber-E2E/test/features/demo/WebInteractions.feature):1:1
                	at Scenario(Demo File Upload):29:3
                	at Step(Perform web interactions file upload):31:9
                </stack-trace>
            </failure>
        </test-case>
        <test-case start='1660972744767' status='passed' stop='1660972744767'>
            <name></name>
            <title></title>
            <labels>
                <label name='language' value='javascript'/>
                <label name='framework' value='wdio'/>
                <label name='thread' value='0-1'/>
            </labels>
            <parameters>
                <parameter kind='argument' name='browser' value='chrome-104.0.5112.101'/>
            </parameters>
            <steps/>
            <attachments/>
        </test-case>
    </test-cases>
</ns2:test-suite>