<?xml version='1.0'?>
<ns2:test-suite xmlns:ns2='urn:model.allure.qatools.yandex.ru' start='1661142902746' stop='1661142903865'>
    <name>Tables: Tables Demo</name>
    <title>Tables: Tables Demo</title>
    <test-cases>
        <test-case start='1661142902746' status='passed' stop='1661142902747'>
            <name></name>
            <title></title>
            <labels>
                <label name='language' value='javascript'/>
                <label name='framework' value='wdio'/>
                <label name='thread' value='0-2'/>
            </labels>
            <parameters>
                <parameter kind='argument' name='browser' value='chrome-104.0.5112.101'/>
            </parameters>
            <steps/>
            <attachments/>
        </test-case>
        <test-case start='1661142902747' status='passed' stop='1661142903842'>
            <name>Given Navigate to tables webpage</name>
            <title>Given Navigate to tables webpage</title>
            <labels>
                <label name='language' value='javascript'/>
                <label name='framework' value='wdio'/>
                <label name='thread' value='0-2'/>
            </labels>
            <parameters>
                <parameter kind='argument' name='browser' value='chrome-104.0.5112.101'/>
            </parameters>
            <steps>
                <step start='1661142902749' status='passed' stop='1661142903841'>
                    <name>POST /session/:sessionId/url</name>
                    <title>POST /session/:sessionId/url</title>
                    <attachments>
                        <attachment title='Request' source='a4d4107c-0b32-41af-b59d-ce4174e901da-attachment.json' type='application/json' size='56'/>
                    </attachments>
                    <steps/>
                </step>
            </steps>
            <attachments/>
        </test-case>
        <test-case start='1661142903842' status='failed' stop='1661142903864'>
            <name>Then Check number of tables and rows</name>
            <title>Then Check number of tables and rows</title>
            <labels>
                <label name='language' value='javascript'/>
                <label name='framework' value='wdio'/>
                <label name='thread' value='0-2'/>
            </labels>
            <parameters>
                <parameter kind='argument' name='browser' value='chrome-104.0.5112.101'/>
            </parameters>
            <steps>
                <step start='1661142903843' status='passed' stop='1661142903855'>
                    <name>POST /session/:sessionId/elements</name>
                    <title>POST /session/:sessionId/elements</title>
                    <attachments>
                        <attachment title='Request' source='0647b964-3ba9-44be-b6b8-5cd0deeed9f2-attachment.json' type='application/json' size='69'/>
                        <attachment title='Response' source='073334bc-830f-40fd-95d5-d5fb964abe6b-attachment.json' type='application/json' size='366'/>
                    </attachments>
                    <steps/>
                </step>
            </steps>
            <attachments/>
            <failure>
                <message>AssertionError: expected [ Element{ …(201) }, …(3), …(4) ] to equal 4</message>
                <stack-trace>AssertionError: expected [ Element{ …(201) }, …(3), …(4) ] to equal 4
                    at World.&lt;anonymous> (/Users/shaunvalentine/Documents/Code/Udemy/WebdriverIO/WDIO-Cucumber-E2E/test/features/step-definitions/then.ts:35:32)
                    at processTicksAndRejections (node:internal/process/task_queues:96:5)</stack-trace>
            </failure>
        </test-case>
        <test-case start='1661142903864' status='passed' stop='1661142903865'>
            <name></name>
            <title></title>
            <labels>
                <label name='language' value='javascript'/>
                <label name='framework' value='wdio'/>
                <label name='thread' value='0-2'/>
            </labels>
            <parameters>
                <parameter kind='argument' name='browser' value='chrome-104.0.5112.101'/>
            </parameters>
            <steps/>
            <attachments/>
        </test-case>
    </test-cases>
</ns2:test-suite>