<?xml version='1.0'?>
<ns2:test-suite xmlns:ns2='urn:model.allure.qatools.yandex.ru' start='1660275889912' stop='1660275890163'>
    <name>Web Interactions: Demo Web Interactions</name>
    <title>Web Interactions: Demo Web Interactions</title>
    <test-cases>
        <test-case start='1660275889913' status='passed' stop='1660275889913'>
            <name></name>
            <title></title>
            <labels>
                <label name='language' value='javascript'/>
                <label name='framework' value='wdio'/>
                <label name='thread' value='0-1'/>
            </labels>
            <parameters>
                <parameter kind='argument' name='browser' value='chrome-104.0.5112.79'/>
            </parameters>
            <steps/>
            <attachments/>
        </test-case>
        <test-case start='1660275889913' status='passed' stop='1660275890142'>
            <name>Given A web page is opened checkboxes</name>
            <title>Given A web page is opened checkboxes</title>
            <labels>
                <label name='language' value='javascript'/>
                <label name='framework' value='wdio'/>
                <label name='thread' value='0-1'/>
            </labels>
            <parameters>
                <parameter kind='argument' name='browser' value='chrome-104.0.5112.79'/>
            </parameters>
            <steps>
                <step start='1660275889913' status='passed' stop='1660275890036'>
                    <name>POST /session/:sessionId/url</name>
                    <title>POST /session/:sessionId/url</title>
                    <attachments>
                        <attachment title='Request' source='f8eb6f08-a8f0-4ea2-8f15-66729d4551a9-attachment.json' type='application/json' size='60'/>
                    </attachments>
                    <steps/>
                </step>
                <step start='1660275890036' status='passed' stop='1660275890037'>
                    <name>POST /session/:sessionId/timeouts</name>
                    <title>POST /session/:sessionId/timeouts</title>
                    <attachments>
                        <attachment title='Request' source='69546981-948d-47dd-a3ea-06e3017d377a-attachment.json' type='application/json' size='44'/>
                    </attachments>
                    <steps/>
                </step>
                <step start='1660275890037' status='passed' stop='1660275890142'>
                    <name>POST /session/:sessionId/window/maximize</name>
                    <title>POST /session/:sessionId/window/maximize</title>
                    <attachments>
                        <attachment title='Response' source='1e632247-213d-4ee5-b420-2b9d17057b57-attachment.json' type='application/json' size='58'/>
                    </attachments>
                    <steps/>
                </step>
            </steps>
            <attachments/>
        </test-case>
        <test-case start='1660275890142' status='failed' stop='1660275890163'>
            <name>When Perform web interactions checkboxes</name>
            <title>When Perform web interactions checkboxes</title>
            <labels>
                <label name='language' value='javascript'/>
                <label name='framework' value='wdio'/>
                <label name='thread' value='0-1'/>
            </labels>
            <parameters>
                <parameter kind='argument' name='browser' value='chrome-104.0.5112.79'/>
            </parameters>
            <steps>
                <step start='1660275890142' status='passed' stop='1660275890151'>
                    <name>POST /session/:sessionId/element</name>
                    <title>POST /session/:sessionId/element</title>
                    <attachments>
                        <attachment title='Request' source='399aa1cf-7825-4fc6-813c-567c05ddbfea-attachment.json' type='application/json' size='72'/>
                        <attachment title='Response' source='ac21479d-7c55-4a92-91dd-b87f7609f63e-attachment.json' type='application/json' size='83'/>
                    </attachments>
                    <steps/>
                </step>
                <step start='1660275890152' status='passed' stop='1660275890159'>
                    <name>GET /session/:sessionId/element/83994240-40c8-425d-b134-902a65e59da7/selected</name>
                    <title>GET /session/:sessionId/element/83994240-40c8-425d-b134-902a65e59da7/selected</title>
                    <attachments/>
                    <steps/>
                </step>
            </steps>
            <attachments/>
            <failure>
                <message>AssertionError</message>
                <stack-trace>AssertionError
                    + expected - actual
                
                    -false
                    +true
                
                    at World.&lt;anonymous> (/Users/shaunvalentine/Documents/Code/Udemy/WebdriverIO/WDIO-Cucumber-E2E/test/features/step-definitions/demo.ts:105:31)
                    at processTicksAndRejections (node:internal/process/task_queues:96:5)</stack-trace>
            </failure>
        </test-case>
        <test-case start='1660275890163' status='passed' stop='1660275890163'>
            <name></name>
            <title></title>
            <labels>
                <label name='language' value='javascript'/>
                <label name='framework' value='wdio'/>
                <label name='thread' value='0-1'/>
            </labels>
            <parameters>
                <parameter kind='argument' name='browser' value='chrome-104.0.5112.79'/>
            </parameters>
            <steps/>
            <attachments/>
        </test-case>
    </test-cases>
</ns2:test-suite>